<?xml version="1.0" encoding="UTF-8"?>
<testng-results ignored="0" total="1" passed="1" failed="0" skipped="0">
  <reporter-output>
  </reporter-output>
  <suite started-at="2021-06-24T15:59:57Z" name="Suite" finished-at="2021-06-24T16:00:44Z" duration-ms="47257">
    <groups>
    </groups>
    <test started-at="2021-06-24T15:59:57Z" name="Test" finished-at="2021-06-24T16:00:44Z" duration-ms="47257">
      <class name="com.actitime1.test.TestLoginLogout">
        <test-method is-config="true" signature="setup()[pri:0, instance:com.actitime1.test.TestLoginLogout@79207381]" started-at="2021-06-24T15:59:57Z" name="setup" finished-at="2021-06-24T16:00:28Z" duration-ms="31035" status="PASS">
          <reporter-output>
          </reporter-output>
        </test-method> <!-- setup -->
        <test-method signature="login()[pri:0, instance:com.actitime1.test.TestLoginLogout@79207381]" started-at="2021-06-24T16:00:28Z" name="login" finished-at="2021-06-24T16:00:44Z" duration-ms="16207" status="PASS">
          <reporter-output>
          </reporter-output>
        </test-method> <!-- login -->
        <test-method is-config="true" signature="teardown()[pri:0, instance:com.actitime1.test.TestLoginLogout@79207381]" started-at="2021-06-24T16:00:44Z" name="teardown" finished-at="2021-06-24T16:00:44Z" duration-ms="0" status="PASS">
          <reporter-output>
          </reporter-output>
        </test-method> <!-- teardown -->
      </class> <!-- com.actitime1.test.TestLoginLogout -->
    </test> <!-- Test -->
  </suite> <!-- Suite -->
</testng-results>
